<?xml version="1.0" encoding="UTF-8"?>
<!-- Generated by org.testng.reporters.JUnitReportReporter -->
<testsuite hostname="DESKTOP-BOIP2TG" failures="0" tests="1" name="org.testing.TestScript.TC1" time="35.579" errors="0" timestamp="2023-09-03T14:06:05 IST" skipped="0">
  <testcase classname="org.testing.TestScript.TC1" name="Trending" time="35.579"/>
  <system-out/>
</testsuite> <!-- org.testing.TestScript.TC1 -->
